#
# There is insufficient memory for the Java Runtime Environment to continue.
# Native memory allocation (malloc) failed to allocate 32744 bytes for ChunkPool::allocate
# Possible reasons:
#   The system is out of physical RAM or swap space
#   In 32 bit mode, the process size limit was hit
# Possible solutions:
#   Reduce memory load on the system
#   Increase physical memory or swap space
#   Check if swap backing store is full
#   Use 64 bit Java on a 64 bit OS
#   Decrease Java heap size (-Xmx/-Xms)
#   Decrease number of Java threads
#   Decrease Java thread stack sizes (-Xss)
#   Set larger code cache with -XX:ReservedCodeCacheSize=
# This output file may be truncated or incomplete.
#
#  Out of Memory Error (allocation.cpp:273), pid=3592, tid=0x0000000000000cec
#
# JRE version: Java(TM) SE Runtime Environment (8.0_161-b12) (build 1.8.0_161-b12)
# Java VM: Java HotSpot(TM) 64-Bit Server VM (25.161-b12 mixed mode windows-amd64 compressed oops)
# Failed to write core dump. Minidumps are not enabled by default on client versions of Windows
#

---------------  T H R E A D  ---------------

Current thread (0x000000001ad7a800):  JavaThread "jME3 Main" [_thread_in_vm, id=3308, stack(0x0000000021370000,0x0000000021470000)]

Stack: [0x0000000021370000,0x0000000021470000]
[error occurred during error reporting (printing stack bounds), id 0xc0000005]

Native frames: (J=compiled Java code, j=interpreted, Vv=VM code, C=native code)

Java frames: (J=compiled Java code, j=interpreted, Vv=VM code)
j  java.lang.ClassLoader.defineClass1(Ljava/lang/String;[BIILjava/security/ProtectionDomain;Ljava/lang/String;)Ljava/lang/Class;+0
j  java.lang.ClassLoader.defineClass(Ljava/lang/String;[BIILjava/security/ProtectionDomain;)Ljava/lang/Class;+27
j  java.security.SecureClassLoader.defineClass(Ljava/lang/String;[BIILjava/security/CodeSource;)Ljava/lang/Class;+12
j  java.net.URLClassLoader.defineClass(Ljava/lang/String;Lsun/misc/Resource;)Ljava/lang/Class;+138
j  java.net.URLClassLoader.access$100(Ljava/net/URLClassLoader;Ljava/lang/String;Lsun/misc/Resource;)Ljava/lang/Class;+3
j  java.net.URLClassLoader$1.run()Ljava/lang/Class;+43
j  java.net.URLClassLoader$1.run()Ljava/lang/Object;+1
v  ~StubRoutines::call_stub
J 335  java.security.AccessController.doPrivileged(Ljava/security/PrivilegedExceptionAction;Ljava/security/AccessControlContext;)Ljava/lang/Object; (0 bytes) @ 0x00000000031d7c26 [0x00000000031d7bc0+0x66]
J 969 C1 java.net.URLClassLoader.findClass(Ljava/lang/String;)Ljava/lang/Class; (47 bytes) @ 0x000000000334ee04 [0x000000000334ec80+0x184]
J 159 C1 java.lang.ClassLoader.loadClass(Ljava/lang/String;Z)Ljava/lang/Class; (122 bytes) @ 0x00000000031796ac [0x0000000003178d40+0x96c]
J 339 C1 sun.misc.Launcher$AppClassLoader.loadClass(Ljava/lang/String;Z)Ljava/lang/Class; (85 bytes) @ 0x00000000031d9dec [0x00000000031d9440+0x9ac]
J 338 C1 java.lang.ClassLoader.loadClass(Ljava/lang/String;)Ljava/lang/Class; (7 bytes) @ 0x00000000031d8f4c [0x00000000031d8e40+0x10c]
v  ~StubRoutines::call_stub
j  com.jme3.system.lwjgl.LwjglAbstractDisplay.run()V+29
j  java.lang.Thread.run()V+11
v  ~StubRoutines::call_stub

---------------  P R O C E S S  ---------------

Java Threads: ( => current thread )
  0x0000000002f13000 JavaThread "DestroyJavaVM" [_thread_blocked, id=1392, stack(0x0000000002e10000,0x0000000002f10000)]
=>0x000000001ad7a800 JavaThread "jME3 Main" [_thread_in_vm, id=3308, stack(0x0000000021370000,0x0000000021470000)]
  0x000000001c977800 JavaThread "TimerQueue" daemon [_thread_blocked, id=12024, stack(0x000000001dc80000,0x000000001dd80000)]
  0x000000001ae4e000 JavaThread "AWT-EventQueue-0" [_thread_blocked, id=9940, stack(0x000000001ba80000,0x000000001bb80000)]
  0x000000001ae4d000 JavaThread "AWT-Windows" daemon [_thread_in_native, id=9408, stack(0x000000001b800000,0x000000001b900000)]
  0x000000001ae4c000 JavaThread "AWT-Shutdown" [_thread_blocked, id=14220, stack(0x000000001b700000,0x000000001b800000)]
  0x000000001ae49800 JavaThread "Java2D Disposer" daemon [_thread_blocked, id=4824, stack(0x000000001b600000,0x000000001b700000)]
  0x0000000019ed7000 JavaThread "Service Thread" daemon [_thread_blocked, id=1112, stack(0x000000001aaa0000,0x000000001aba0000)]
  0x0000000019ebf000 JavaThread "C1 CompilerThread3" daemon [_thread_blocked, id=13856, stack(0x000000001a9a0000,0x000000001aaa0000)]
  0x0000000019eb9800 JavaThread "C2 CompilerThread2" daemon [_thread_blocked, id=4704, stack(0x000000001a8a0000,0x000000001a9a0000)]
  0x0000000019eb8000 JavaThread "C2 CompilerThread1" daemon [_thread_blocked, id=11172, stack(0x000000001a7a0000,0x000000001a8a0000)]
  0x0000000019eb5000 JavaThread "C2 CompilerThread0" daemon [_thread_blocked, id=7016, stack(0x000000001a6a0000,0x000000001a7a0000)]
  0x0000000019eb4000 JavaThread "Attach Listener" daemon [_thread_blocked, id=8112, stack(0x000000001a5a0000,0x000000001a6a0000)]
  0x0000000019eb3000 JavaThread "Signal Dispatcher" daemon [_thread_blocked, id=6992, stack(0x000000001a4a0000,0x000000001a5a0000)]
  0x0000000019ea1800 JavaThread "Finalizer" daemon [_thread_blocked, id=12448, stack(0x000000001a280000,0x000000001a380000)]
  0x0000000017f8d800 JavaThread "Reference Handler" daemon [_thread_blocked, id=9372, stack(0x0000000019d80000,0x0000000019e80000)]

Other Threads:
  0x0000000017f89000 VMThread [stack: 0x0000000019c80000,0x0000000019d80000] [id=5712]
  0x0000000019ed9000 WatcherThread [stack: 0x000000001aba0000,0x000000001aca0000] [id=6388]

VM state:not at safepoint (normal execution)

VM Mutex/Monitor currently owned by a thread: None

Heap:
 PSYoungGen      total 38400K, used 16914K [0x00000000d5f00000, 0x00000000d8980000, 0x0000000100000000)
  eden space 33280K, 50% used [0x00000000d5f00000,0x00000000d6f84990,0x00000000d7f80000)
  from space 5120K, 0% used [0x00000000d8480000,0x00000000d8480000,0x00000000d8980000)
  to   space 5120K, 0% used [0x00000000d7f80000,0x00000000d7f80000,0x00000000d8480000)
 ParOldGen       total 87552K, used 0K [0x0000000081c00000, 0x0000000087180000, 0x00000000d5f00000)
  object space 87552K, 0% used [0x0000000081c00000,0x0000000081c00000,0x0000000087180000)
 Metaspace       used 13990K, capacity 14266K, committed 14464K, reserved 1062912K
  class space    used 1784K, capacity 1882K, committed 1920K, reserved 1048576K

Card table byte_map: [0x00000000123d0000,0x00000000127d0000] byte_map_base: 0x0000000011fc2000

Marking Bits: (ParMarkBitMap*) 0x0000000065a7f860
 Begin Bits: [0x0000000013280000, 0x0000000015210000)
 End Bits:   [0x0000000015210000, 0x00000000171a0000)

Polling page: 0x0000000000bf0000

CodeCache: size=245760Kb used=3399Kb max_used=3399Kb free=242360Kb
 bounds [0x0000000003010000, 0x0000000003370000, 0x0000000012010000]
 total_blobs=1482 nmethods=982 adapters=412
 compilation: enabled

Compilation events (10 events):
Event: 6.124 Thread 0x0000000019ebf000 nmethod 978 0x0000000003354a90 code [0x0000000003354c20, 0x0000000003354f38]
Event: 6.124 Thread 0x0000000019ebf000  979       3       java.nio.CharBuffer::arrayOffset (35 bytes)
Event: 6.124 Thread 0x0000000019ebf000 nmethod 979 0x0000000003355090 code [0x0000000003355220, 0x0000000003355538]
Event: 6.127 Thread 0x0000000019ebf000  980       3       java.nio.Buffer::nextPutIndex (31 bytes)
Event: 6.128 Thread 0x0000000019ebf000 nmethod 980 0x0000000003355690 code [0x0000000003355800, 0x0000000003355a08]
Event: 6.128 Thread 0x0000000019ebf000  981       3       sun.nio.cs.UTF_8$Decoder::decodeArrayLoop (691 bytes)
Event: 6.133 Thread 0x0000000019eb8000 nmethod 976 0x0000000003358dd0 code [0x0000000003358f80, 0x0000000003359648]
Event: 6.134 Thread 0x0000000019ebf000 nmethod 981 0x0000000003359b90 code [0x000000000335a4e0, 0x0000000003360d28]
Event: 6.134 Thread 0x0000000019ebf000  982       3       java.lang.System::checkKey (34 bytes)
Event: 6.134 Thread 0x0000000019ebf000 nmethod 982 0x0000000003358710 code [0x00000000033588a0, 0x0000000003358c88]

GC Heap History (0 events):
No events

Deoptimization events (5 events):
Event: 0.094 Thread 0x0000000002f13000 Uncommon trap: reason=unstable_if action=reinterpret pc=0x00000000031310f8 method=java.lang.String.hashCode()I @ 14
Event: 0.557 Thread 0x000000001ae4e000 Uncommon trap: reason=class_check action=maybe_recompile pc=0x000000000312bee8 method=java.lang.String.equals(Ljava/lang/Object;)Z @ 8
Event: 0.557 Thread 0x000000001ae4e000 Uncommon trap: reason=class_check action=maybe_recompile pc=0x000000000312bee8 method=java.lang.String.equals(Ljava/lang/Object;)Z @ 8
Event: 0.558 Thread 0x000000001ae4e000 Uncommon trap: reason=class_check action=maybe_recompile pc=0x000000000312bee8 method=java.lang.String.equals(Ljava/lang/Object;)Z @ 8
Event: 0.559 Thread 0x000000001ae4e000 Uncommon trap: reason=class_check action=maybe_recompile pc=0x000000000312bee8 method=java.lang.String.equals(Ljava/lang/Object;)Z @ 8

Classes redefined (0 events):
No events

Internal exceptions (10 events):
Event: 0.027 Thread 0x0000000002f13000 Exception <a 'java/lang/NoSuchMethodError': Method sun.misc.Unsafe.prefetchRead(Ljava/lang/Object;J)V name or signature does not match> (0x00000000d5f07f88) thrown at [C:\re\workspace\8-2-build-windows-amd64-cygwin\jdk8u161\10277\hotspot\src\share\vm\prim
Event: 0.189 Thread 0x0000000002f13000 Exception <a 'java/security/PrivilegedActionException'> (0x00000000d62ac770) thrown at [C:\re\workspace\8-2-build-windows-amd64-cygwin\jdk8u161\10277\hotspot\src\share\vm\prims\jvm.cpp, line 1390]
Event: 0.189 Thread 0x0000000002f13000 Exception <a 'java/security/PrivilegedActionException'> (0x00000000d62ac980) thrown at [C:\re\workspace\8-2-build-windows-amd64-cygwin\jdk8u161\10277\hotspot\src\share\vm\prims\jvm.cpp, line 1390]
Event: 0.190 Thread 0x0000000002f13000 Exception <a 'java/security/PrivilegedActionException'> (0x00000000d62b09c0) thrown at [C:\re\workspace\8-2-build-windows-amd64-cygwin\jdk8u161\10277\hotspot\src\share\vm\prims\jvm.cpp, line 1390]
Event: 0.190 Thread 0x0000000002f13000 Exception <a 'java/security/PrivilegedActionException'> (0x00000000d62b0bd0) thrown at [C:\re\workspace\8-2-build-windows-amd64-cygwin\jdk8u161\10277\hotspot\src\share\vm\prims\jvm.cpp, line 1390]
Event: 0.202 Thread 0x0000000002f13000 Exception <a 'java/io/FileNotFoundException'> (0x00000000d62f4320) thrown at [C:\re\workspace\8-2-build-windows-amd64-cygwin\jdk8u161\10277\hotspot\src\share\vm\prims\jni.cpp, line 709]
Event: 0.230 Thread 0x0000000002f13000 Exception <a 'java/lang/NoSuchFieldError': method resolution failed> (0x00000000d63c4720) thrown at [C:\re\workspace\8-2-build-windows-amd64-cygwin\jdk8u161\10277\hotspot\src\share\vm\prims\methodHandles.cpp, line 1167]
Event: 0.232 Thread 0x0000000002f13000 Exception <a 'java/lang/NoSuchFieldError': method resolution failed> (0x00000000d63d1a70) thrown at [C:\re\workspace\8-2-build-windows-amd64-cygwin\jdk8u161\10277\hotspot\src\share\vm\prims\methodHandles.cpp, line 1167]
Event: 0.283 Thread 0x000000001ae4e000 Exception <a 'java/io/FileNotFoundException'> (0x00000000d65affc0) thrown at [C:\re\workspace\8-2-build-windows-amd64-cygwin\jdk8u161\10277\hotspot\src\share\vm\prims\jni.cpp, line 709]
Event: 0.316 Thread 0x000000001ae4e000 Exception <a 'java/lang/NoClassDefFoundError'> (0x00000000d6650c80) thrown at [C:\re\workspace\8-2-build-windows-amd64-cygwin\jdk8u161\10277\hotspot\src\share\vm\prims\jvm.cpp, line 1394]

Events (10 events):
Event: 6.123 Thread 0x0000000002f13000 Thread exited: 0x0000000002f13000
Event: 6.123 Thread 0x0000000002f13000 Thread added: 0x0000000002f13000
Event: 6.125 Executing VM operation: RevokeBias
Event: 6.125 Executing VM operation: RevokeBias done
Event: 6.125 Executing VM operation: RevokeBias
Event: 6.125 Executing VM operation: RevokeBias done
Event: 6.125 Executing VM operation: RevokeBias
Event: 6.125 Executing VM operation: RevokeBias done
Event: 6.129 loading class org/lwjgl/Sys
Event: 6.129 loading class org/lwjgl/Sys done


Dynamic libraries:
0x00007ff6ebf30000 - 0x00007ff6ebf67000 	C:\Program Files\jmonkeyplatform\jdk\bin\java.exe
0x00007ff8d5930000 - 0x00007ff8d5b11000 	C:\WINDOWS\SYSTEM32\ntdll.dll
0x00007ff8d4890000 - 0x00007ff8d4942000 	C:\WINDOWS\System32\KERNEL32.DLL
0x00007ff8d1fc0000 - 0x00007ff8d2233000 	C:\WINDOWS\System32\KERNELBASE.dll
0x00007ff8d4b70000 - 0x00007ff8d4c11000 	C:\WINDOWS\System32\ADVAPI32.dll
0x00007ff8d2dc0000 - 0x00007ff8d2e5e000 	C:\WINDOWS\System32\msvcrt.dll
0x00007ff8d2e60000 - 0x00007ff8d2ebb000 	C:\WINDOWS\System32\sechost.dll
0x00007ff8d5290000 - 0x00007ff8d53b4000 	C:\WINDOWS\System32\RPCRT4.dll
0x00007ff8d4700000 - 0x00007ff8d4890000 	C:\WINDOWS\System32\USER32.dll
0x00007ff8d1fa0000 - 0x00007ff8d1fc0000 	C:\WINDOWS\System32\win32u.dll
0x00007ff8d46d0000 - 0x00007ff8d46f8000 	C:\WINDOWS\System32\GDI32.dll
0x00007ff8d1e00000 - 0x00007ff8d1f92000 	C:\WINDOWS\System32\gdi32full.dll
0x00007ff8d2240000 - 0x00007ff8d22df000 	C:\WINDOWS\System32\msvcp_win.dll
0x00007ff8d1d00000 - 0x00007ff8d1dfa000 	C:\WINDOWS\System32\ucrtbase.dll
0x00007ff8cbb40000 - 0x00007ff8cbda9000 	C:\WINDOWS\WinSxS\amd64_microsoft.windows.common-controls_6595b64144ccf1df_6.0.17134.48_none_b4b2216a3cb4dd3e\COMCTL32.dll
0x00007ff8d43a0000 - 0x00007ff8d46c3000 	C:\WINDOWS\System32\combase.dll
0x00007ff8d22e0000 - 0x00007ff8d235a000 	C:\WINDOWS\System32\bcryptPrimitives.dll
0x00007ff8d2ec0000 - 0x00007ff8d2eed000 	C:\WINDOWS\System32\IMM32.DLL
0x0000000064b50000 - 0x0000000064c22000 	C:\Program Files\jmonkeyplatform\jdk\jre\bin\msvcr100.dll
0x0000000065260000 - 0x0000000065aff000 	C:\Program Files\jmonkeyplatform\jdk\jre\bin\server\jvm.dll
0x00007ff8d4c80000 - 0x00007ff8d4c88000 	C:\WINDOWS\System32\PSAPI.DLL
0x00007ff8c2be0000 - 0x00007ff8c2be9000 	C:\WINDOWS\SYSTEM32\WSOCK32.dll
0x00007ff8ce770000 - 0x00007ff8ce793000 	C:\WINDOWS\SYSTEM32\WINMM.dll
0x00007ff8d4960000 - 0x00007ff8d49cc000 	C:\WINDOWS\System32\WS2_32.dll
0x00007ff8ccbe0000 - 0x00007ff8ccbea000 	C:\WINDOWS\SYSTEM32\VERSION.dll
0x00007ff8ce740000 - 0x00007ff8ce76a000 	C:\WINDOWS\SYSTEM32\winmmbase.dll
0x00007ff8d2550000 - 0x00007ff8d2599000 	C:\WINDOWS\System32\cfgmgr32.dll
0x0000000065170000 - 0x000000006517f000 	C:\Program Files\jmonkeyplatform\jdk\jre\bin\verify.dll
0x0000000065140000 - 0x0000000065169000 	C:\Program Files\jmonkeyplatform\jdk\jre\bin\java.dll
0x0000000065120000 - 0x0000000065136000 	C:\Program Files\jmonkeyplatform\jdk\jre\bin\zip.dll
0x00007ff8d2ef0000 - 0x00007ff8d4330000 	C:\WINDOWS\System32\SHELL32.dll
0x00007ff8d4cb0000 - 0x00007ff8d4d59000 	C:\WINDOWS\System32\shcore.dll
0x00007ff8d2650000 - 0x00007ff8d2d5d000 	C:\WINDOWS\System32\windows.storage.dll
0x00007ff8d5230000 - 0x00007ff8d5281000 	C:\WINDOWS\System32\shlwapi.dll
0x00007ff8d1cd0000 - 0x00007ff8d1ce1000 	C:\WINDOWS\System32\kernel.appcore.dll
0x00007ff8d1c40000 - 0x00007ff8d1c5f000 	C:\WINDOWS\System32\profapi.dll
0x00007ff8d1c60000 - 0x00007ff8d1cac000 	C:\WINDOWS\System32\powrprof.dll
0x00007ff8d1cf0000 - 0x00007ff8d1cfa000 	C:\WINDOWS\System32\FLTLIB.DLL
0x0000000064f40000 - 0x00000000650d8000 	C:\Program Files\jmonkeyplatform\jdk\jre\bin\awt.dll
0x00007ff8d5460000 - 0x00007ff8d5522000 	C:\WINDOWS\System32\OLEAUT32.dll
0x00007ff8cffa0000 - 0x00007ff8d002b000 	C:\WINDOWS\SYSTEM32\apphelp.dll
0x00007ff8d0080000 - 0x00007ff8d0118000 	C:\WINDOWS\system32\uxtheme.dll
0x00007ff8d5530000 - 0x00007ff8d56a5000 	C:\WINDOWS\System32\MSCTF.dll
0x00007ff8d03b0000 - 0x00007ff8d03d9000 	C:\WINDOWS\system32\dwmapi.dll
0x00007ff8d56b0000 - 0x00007ff8d5801000 	C:\WINDOWS\System32\ole32.dll
0x00007ff8bdd60000 - 0x00007ff8bde80000 	C:\WINDOWS\system32\opengl32.dll
0x00007ff8bf020000 - 0x00007ff8bf04c000 	C:\WINDOWS\SYSTEM32\GLU32.dll
0x0000000064eb0000 - 0x0000000064ef7000 	C:\Program Files\jmonkeyplatform\jdk\jre\bin\fontmanager.dll
0x0000000065100000 - 0x000000006511a000 	C:\Program Files\jmonkeyplatform\jdk\jre\bin\net.dll
0x00007ff8d14c0000 - 0x00007ff8d1526000 	C:\WINDOWS\system32\mswsock.dll
0x00000000650e0000 - 0x00000000650f1000 	C:\Program Files\jmonkeyplatform\jdk\jre\bin\nio.dll
0x0000000064e60000 - 0x0000000064ea2000 	C:\Program Files\jmonkeyplatform\jdk\jre\bin\t2k.dll
0x00007ff8c5880000 - 0x00007ff8c5918000 	C:\WINDOWS\System32\TextInputFramework.dll
0x00007ff8cd230000 - 0x00007ff8cd54e000 	C:\WINDOWS\System32\CoreUIComponents.dll
0x00007ff8cfda0000 - 0x00007ff8cfe7a000 	C:\WINDOWS\System32\CoreMessaging.dll
0x00007ff8d0d30000 - 0x00007ff8d0d61000 	C:\WINDOWS\SYSTEM32\ntmarta.dll
0x00007ff8cde10000 - 0x00007ff8cdf5d000 	C:\WINDOWS\SYSTEM32\wintypes.dll
0x00007ff8a2950000 - 0x00007ff8a2f88000 	C:\Program Files (x86)\Mirillis\Action!\action_x64.dll
0x00000000663a0000 - 0x0000000066443000 	C:\WINDOWS\WinSxS\amd64_microsoft.vc90.crt_1fc8b3b9a1e18e3b_9.0.30729.9415_none_08e0c10ba840a28a\MSVCR90.dll
0x0000000064c30000 - 0x0000000064d03000 	C:\WINDOWS\WinSxS\amd64_microsoft.vc90.crt_1fc8b3b9a1e18e3b_9.0.30729.9415_none_08e0c10ba840a28a\MSVCP90.dll
0x00007ff8cd740000 - 0x00007ff8cd74a000 	C:\WINDOWS\SYSTEM32\AVRT.dll
0x00007ff8cac80000 - 0x00007ff8cad5d000 	C:\WINDOWS\SYSTEM32\WINHTTP.dll
0x00007ff8cb360000 - 0x00007ff8cb3d6000 	C:\WINDOWS\SYSTEM32\mmdevapi.dll
0x00007ff8d1a50000 - 0x00007ff8d1a77000 	C:\WINDOWS\SYSTEM32\DEVOBJ.dll
0x00007ff8ce380000 - 0x00007ff8ce534000 	C:\WINDOWS\SYSTEM32\PROPSYS.dll
0x00007ff8a4550000 - 0x00007ff8a4768000 	C:\Users\josag\OneDrive\Documentos\Programación Videojuegos\TrabajoGrupal\TrabajoGrupal\bulletjme.dll
0x0000000180000000 - 0x0000000180064000 	C:\Users\josag\OneDrive\Documentos\Programación Videojuegos\TrabajoGrupal\TrabajoGrupal\OpenAL64.dll

VM Arguments:
jvm_args: -Dfile.encoding=UTF-8 
java_command: mygame.Main
java_class_path (initial): C:\Program Files\jmonkeyplatform\jmonkeyplatform\libs\jme3-jogg-3.2.1-stable.jar;C:\Program Files\jmonkeyplatform\jmonkeyplatform\libs\j-ogg-all-1.0.0.jar;C:\Program Files\jmonkeyplatform\jmonkeyplatform\libs\jme3-networking-3.2.1-stable.jar;C:\Program Files\jmonkeyplatform\jmonkeyplatform\libs\jme3-plugins-3.2.1-stable.jar;C:\Program Files\jmonkeyplatform\jmonkeyplatform\libs\gson-2.8.1.jar;C:\Program Files\jmonkeyplatform\jmonkeyplatform\libs\jme3-core-3.2.1-stable.jar;C:\Program Files\jmonkeyplatform\jmonkeyplatform\libs\jme3-desktop-3.2.1-stable.jar;C:\Program Files\jmonkeyplatform\jmonkeyplatform\libs\jme3-lwjgl-3.2.1-stable.jar;C:\Program Files\jmonkeyplatform\jmonkeyplatform\libs\lwjgl-2.9.3.jar;C:\Program Files\jmonkeyplatform\jmonkeyplatform\libs\jinput-2.0.5.jar;C:\Program Files\jmonkeyplatform\jmonkeyplatform\libs\jinput-platform-2.0.5-natives-linux.jar;C:\Program Files\jmonkeyplatform\jmonkeyplatform\libs\jinput-platform-2.0.5-natives-windows.jar;C:\Program Files\jmonkeyplatform\jmonkeyplatform\libs\jinput-platform-2.0.5-natives-osx.jar;C:\Program Files\jmonkeyplatform\jmonkeyplatform\libs\jutils-1.0.0.jar;C:\Program Files\jmonkeyplatform\jmonkeyplatform\libs\lwjgl-platform-2.9.3-natives-windows.jar;C:\Program Files\jmonkeyplatform\jmonkeyplatform\libs\lwjgl-platform-2.9.3-natives-linux.jar;C:\Program Files\jmonkeyplatform\jmonkeyplatform\libs\lwjgl-platform-2.9.3-natives-osx.jar;C:\Program Files\jmonkeyplatform\jmonkeyplatform\libs\jme3-effects-3.2.1-stable.jar;C:\Program Files\jmonkeyplatform\jmonkeyplatform\libs\jme3-terrain-3.2.1-stable.jar;C:\Program Files\jmonkeyplatform\jmonkeyplatform\libs\jme3-bullet-3.2.1-stable.jar;C:\Program Files\jmonkeyplatform\jmonkeyplatform\libs\jme3-bullet-native-3.2.1-stable.jar;C:\Users\josag\OneDrive\Documentos\Programación Videojuegos\TrabajoGrupal\TrabajoGrupal\Resources\jme3-testdata.jar;C:\Users\josag\OneDrive\Documentos\Programación Videojuegos\TrabajoGrupal\TrabajoGrupal\Resources\w
Launcher Type: SUN_STANDARD

Environment Variables:
PATH=C:\ProgramData\Oracle\Java\javapath;C:\Program Files (x86)\Intel\iCLS Client\;C:\Program Files\Intel\iCLS Client\;C:\Windows\system32;C:\Windows;C:\Windows\System32\Wbem;C:\Windows\System32\WindowsPowerShell\v1.0\;C:\Program Files\Intel\WiFi\bin\;C:\Program Files\Common Files\Intel\WirelessCommon\;C:\Program Files (x86)\NVIDIA Corporation\PhysX\Common;C:\Program Files (x86)\Intel\Intel(R) Management Engine Components\DAL;C:\Program Files\Intel\Intel(R) Management Engine Components\DAL;C:\Program Files (x86)\Intel\Intel(R) Management Engine Components\IPT;C:\Program Files\Intel\Intel(R) Management Engine Components\IPT;C:\WINDOWS\system32;C:\WINDOWS;C:\WINDOWS\System32\Wbem;C:\WINDOWS\System32\WindowsPowerShell\v1.0\;C:\Program Files\MySQL\MySQL Utilities 1.6\;C:\Program Files (x86)\Common Files\Propellerhead Software\ReWire\;C:\Program Files\Common Files\Propellerhead Software\ReWire\;C:\WINDOWS\System32\OpenSSH\;C:\Users\josag\AppData\Local\Microsoft\WindowsApps;
USERNAME=josag
OS=Windows_NT
PROCESSOR_IDENTIFIER=Intel64 Family 6 Model 158 Stepping 9, GenuineIntel



---------------  S Y S T E M  ---------------

OS: Windows 10.0 , 64 bit Build 17134 (10.0.17134.1)

CPU:total 8 (initial active 8) (4 cores per cpu, 2 threads per core) family 6 model 158 stepping 9, cmov, cx8, fxsr, mmx, sse, sse2, sse3, ssse3, sse4.1, sse4.2, popcnt, avx, avx2, aes, clmul, erms, 3dnowpref, lzcnt, ht, tsc, tscinvbit, bmi1, bmi2, adx

Memory: 4k page, physical 8270668k(2093524k free), swap 8270668k(4224k free)

vm_info: Java HotSpot(TM) 64-Bit Server VM (25.161-b12) for windows-amd64 JRE (1.8.0_161-b12), built on Dec 19 2017 17:52:25 by "java_re" with MS VC++ 10.0 (VS2010)

time: Wed Jun 06 19:30:11 2018
elapsed time: 6 seconds (0d 0h 0m 6s)

