#
# There is insufficient memory for the Java Runtime Environment to continue.
# Native memory allocation (malloc) failed to allocate 1048576 bytes for AllocateHeap
# Possible reasons:
#   The system is out of physical RAM or swap space
#   In 32 bit mode, the process size limit was hit
# Possible solutions:
#   Reduce memory load on the system
#   Increase physical memory or swap space
#   Check if swap backing store is full
#   Use 64 bit Java on a 64 bit OS
#   Decrease Java heap size (-Xmx/-Xms)
#   Decrease number of Java threads
#   Decrease Java thread stack sizes (-Xss)
#   Set larger code cache with -XX:ReservedCodeCacheSize=
# This output file may be truncated or incomplete.
#
#  Out of Memory Error (memory/allocation.inline.hpp:61), pid=7532, tid=0x00000000000013a8
#
# JRE version:  (8.0_161-b12) (build )
# Java VM: Java HotSpot(TM) 64-Bit Server VM (25.161-b12 mixed mode windows-amd64 compressed oops)
# Failed to write core dump. Minidumps are not enabled by default on client versions of Windows
#

---------------  T H R E A D  ---------------

Current thread (0x00000000025b3000):  JavaThread "Unknown thread" [_thread_in_vm, id=5032, stack(0x00000000024b0000,0x00000000025b0000)]

Stack: [0x00000000024b0000,0x00000000025b0000]
[error occurred during error reporting (printing stack bounds), id 0xc0000005]

Native frames: (J=compiled Java code, j=interpreted, Vv=VM code, C=native code)


---------------  P R O C E S S  ---------------

Java Threads: ( => current thread )

Other Threads:

=>0x00000000025b3000 (exited) JavaThread "Unknown thread" [_thread_in_vm, id=5032, stack(0x00000000024b0000,0x00000000025b0000)]

VM state:not at safepoint (normal execution)

VM Mutex/Monitor currently owned by a thread: None

Heap:
 PSYoungGen      total 38400K, used 665K [0x00000000d5f00000, 0x00000000d8980000, 0x0000000100000000)
  eden space 33280K, 2% used [0x00000000d5f00000,0x00000000d5fa6670,0x00000000d7f80000)
  from space 5120K, 0% used [0x00000000d8480000,0x00000000d8480000,0x00000000d8980000)
  to   space 5120K, 0% used [0x00000000d7f80000,0x00000000d7f80000,0x00000000d8480000)
 ParOldGen       total 87552K, used 0K [0x0000000081c00000, 0x0000000087180000, 0x00000000d5f00000)
  object space 87552K, 0% used [0x0000000081c00000,0x0000000081c00000,0x0000000087180000)
 Metaspace       used 770K, capacity 4480K, committed 4480K, reserved 1056768K
  class space    used 75K, capacity 384K, committed 384K, reserved 1048576K

Card table byte_map: [0x0000000011a70000,0x0000000011e70000] byte_map_base: 0x0000000011662000

Marking Bits: (ParMarkBitMap*) 0x0000000065a7f860
 Begin Bits: [0x0000000012920000, 0x00000000148b0000)
 End Bits:   [0x00000000148b0000, 0x0000000016840000)

Polling page: 0x0000000000a80000

CodeCache: size=245760Kb used=328Kb max_used=328Kb free=245431Kb
 bounds [0x00000000026b0000, 0x0000000002920000, 0x00000000116b0000]
 total_blobs=58 nmethods=0 adapters=38
 compilation: enabled

Compilation events (0 events):
No events

GC Heap History (0 events):
No events

Deoptimization events (0 events):
No events

Classes redefined (0 events):
No events

Internal exceptions (0 events):
No events

Events (10 events):
Event: 0.019 loading class java/lang/Short
Event: 0.019 loading class java/lang/Short done
Event: 0.019 loading class java/lang/Integer
Event: 0.019 loading class java/lang/Integer done
Event: 0.019 loading class java/lang/Long
Event: 0.019 loading class java/lang/Long done
Event: 0.020 loading class java/lang/NullPointerException
Event: 0.020 loading class java/lang/NullPointerException done
Event: 0.020 loading class java/lang/ArithmeticException
Event: 0.020 loading class java/lang/ArithmeticException done


Dynamic libraries:
0x00007ff6ebf30000 - 0x00007ff6ebf67000 	C:\Program Files\jmonkeyplatform\jdk\bin\java.exe
0x00007ff8d5930000 - 0x00007ff8d5b11000 	C:\WINDOWS\SYSTEM32\ntdll.dll
0x00007ff8d4890000 - 0x00007ff8d4942000 	C:\WINDOWS\System32\KERNEL32.DLL
0x00007ff8d1fc0000 - 0x00007ff8d2233000 	C:\WINDOWS\System32\KERNELBASE.dll
0x00007ff8d4b70000 - 0x00007ff8d4c11000 	C:\WINDOWS\System32\ADVAPI32.dll
0x00007ff8d2dc0000 - 0x00007ff8d2e5e000 	C:\WINDOWS\System32\msvcrt.dll
0x00007ff8d2e60000 - 0x00007ff8d2ebb000 	C:\WINDOWS\System32\sechost.dll
0x00007ff8d5290000 - 0x00007ff8d53b4000 	C:\WINDOWS\System32\RPCRT4.dll
0x00007ff8d4700000 - 0x00007ff8d4890000 	C:\WINDOWS\System32\USER32.dll
0x00007ff8d1fa0000 - 0x00007ff8d1fc0000 	C:\WINDOWS\System32\win32u.dll
0x00007ff8d46d0000 - 0x00007ff8d46f8000 	C:\WINDOWS\System32\GDI32.dll
0x00007ff8d1e00000 - 0x00007ff8d1f92000 	C:\WINDOWS\System32\gdi32full.dll
0x00007ff8d2240000 - 0x00007ff8d22df000 	C:\WINDOWS\System32\msvcp_win.dll
0x00007ff8d1d00000 - 0x00007ff8d1dfa000 	C:\WINDOWS\System32\ucrtbase.dll
0x00007ff8cbb40000 - 0x00007ff8cbda9000 	C:\WINDOWS\WinSxS\amd64_microsoft.windows.common-controls_6595b64144ccf1df_6.0.17134.48_none_b4b2216a3cb4dd3e\COMCTL32.dll
0x00007ff8d43a0000 - 0x00007ff8d46c3000 	C:\WINDOWS\System32\combase.dll
0x00007ff8d22e0000 - 0x00007ff8d235a000 	C:\WINDOWS\System32\bcryptPrimitives.dll
0x00007ff8d2ec0000 - 0x00007ff8d2eed000 	C:\WINDOWS\System32\IMM32.DLL
0x0000000064580000 - 0x0000000064652000 	C:\Program Files\jmonkeyplatform\jdk\jre\bin\msvcr100.dll
0x0000000065260000 - 0x0000000065aff000 	C:\Program Files\jmonkeyplatform\jdk\jre\bin\server\jvm.dll
0x00007ff8d4c80000 - 0x00007ff8d4c88000 	C:\WINDOWS\System32\PSAPI.DLL
0x00007ff8ce770000 - 0x00007ff8ce793000 	C:\WINDOWS\SYSTEM32\WINMM.dll
0x00007ff8c2be0000 - 0x00007ff8c2be9000 	C:\WINDOWS\SYSTEM32\WSOCK32.dll
0x00007ff8ccbe0000 - 0x00007ff8ccbea000 	C:\WINDOWS\SYSTEM32\VERSION.dll
0x00007ff8d4960000 - 0x00007ff8d49cc000 	C:\WINDOWS\System32\WS2_32.dll
0x00007ff8ce740000 - 0x00007ff8ce76a000 	C:\WINDOWS\SYSTEM32\winmmbase.dll
0x00007ff8d2550000 - 0x00007ff8d2599000 	C:\WINDOWS\System32\cfgmgr32.dll
0x0000000065170000 - 0x000000006517f000 	C:\Program Files\jmonkeyplatform\jdk\jre\bin\verify.dll
0x0000000065140000 - 0x0000000065169000 	C:\Program Files\jmonkeyplatform\jdk\jre\bin\java.dll
0x0000000065120000 - 0x0000000065136000 	C:\Program Files\jmonkeyplatform\jdk\jre\bin\zip.dll

VM Arguments:
jvm_args: -Dfile.encoding=UTF-8 
java_command: mygame.Main
java_class_path (initial): C:\Program Files\jmonkeyplatform\jmonkeyplatform\libs\jme3-jogg-3.2.1-stable.jar;C:\Program Files\jmonkeyplatform\jmonkeyplatform\libs\j-ogg-all-1.0.0.jar;C:\Program Files\jmonkeyplatform\jmonkeyplatform\libs\jme3-networking-3.2.1-stable.jar;C:\Program Files\jmonkeyplatform\jmonkeyplatform\libs\jme3-plugins-3.2.1-stable.jar;C:\Program Files\jmonkeyplatform\jmonkeyplatform\libs\gson-2.8.1.jar;C:\Program Files\jmonkeyplatform\jmonkeyplatform\libs\jme3-core-3.2.1-stable.jar;C:\Program Files\jmonkeyplatform\jmonkeyplatform\libs\jme3-desktop-3.2.1-stable.jar;C:\Program Files\jmonkeyplatform\jmonkeyplatform\libs\jme3-lwjgl-3.2.1-stable.jar;C:\Program Files\jmonkeyplatform\jmonkeyplatform\libs\lwjgl-2.9.3.jar;C:\Program Files\jmonkeyplatform\jmonkeyplatform\libs\jinput-2.0.5.jar;C:\Program Files\jmonkeyplatform\jmonkeyplatform\libs\jinput-platform-2.0.5-natives-linux.jar;C:\Program Files\jmonkeyplatform\jmonkeyplatform\libs\jinput-platform-2.0.5-natives-windows.jar;C:\Program Files\jmonkeyplatform\jmonkeyplatform\libs\jinput-platform-2.0.5-natives-osx.jar;C:\Program Files\jmonkeyplatform\jmonkeyplatform\libs\jutils-1.0.0.jar;C:\Program Files\jmonkeyplatform\jmonkeyplatform\libs\lwjgl-platform-2.9.3-natives-windows.jar;C:\Program Files\jmonkeyplatform\jmonkeyplatform\libs\lwjgl-platform-2.9.3-natives-linux.jar;C:\Program Files\jmonkeyplatform\jmonkeyplatform\libs\lwjgl-platform-2.9.3-natives-osx.jar;C:\Program Files\jmonkeyplatform\jmonkeyplatform\libs\jme3-effects-3.2.1-stable.jar;C:\Program Files\jmonkeyplatform\jmonkeyplatform\libs\jme3-terrain-3.2.1-stable.jar;C:\Program Files\jmonkeyplatform\jmonkeyplatform\libs\jme3-bullet-3.2.1-stable.jar;C:\Program Files\jmonkeyplatform\jmonkeyplatform\libs\jme3-bullet-native-3.2.1-stable.jar;C:\Users\josag\OneDrive\Documentos\Programación Videojuegos\TrabajoGrupal\TrabajoGrupal\Resources\jme3-testdata.jar;C:\Users\josag\OneDrive\Documentos\Programación Videojuegos\TrabajoGrupal\TrabajoGrupal\Resources\w
Launcher Type: SUN_STANDARD

Environment Variables:
PATH=C:\ProgramData\Oracle\Java\javapath;C:\Program Files (x86)\Intel\iCLS Client\;C:\Program Files\Intel\iCLS Client\;C:\Windows\system32;C:\Windows;C:\Windows\System32\Wbem;C:\Windows\System32\WindowsPowerShell\v1.0\;C:\Program Files\Intel\WiFi\bin\;C:\Program Files\Common Files\Intel\WirelessCommon\;C:\Program Files (x86)\NVIDIA Corporation\PhysX\Common;C:\Program Files (x86)\Intel\Intel(R) Management Engine Components\DAL;C:\Program Files\Intel\Intel(R) Management Engine Components\DAL;C:\Program Files (x86)\Intel\Intel(R) Management Engine Components\IPT;C:\Program Files\Intel\Intel(R) Management Engine Components\IPT;C:\WINDOWS\system32;C:\WINDOWS;C:\WINDOWS\System32\Wbem;C:\WINDOWS\System32\WindowsPowerShell\v1.0\;C:\Program Files\MySQL\MySQL Utilities 1.6\;C:\Program Files (x86)\Common Files\Propellerhead Software\ReWire\;C:\Program Files\Common Files\Propellerhead Software\ReWire\;C:\WINDOWS\System32\OpenSSH\;C:\Users\josag\AppData\Local\Microsoft\WindowsApps;
USERNAME=josag
OS=Windows_NT
PROCESSOR_IDENTIFIER=Intel64 Family 6 Model 158 Stepping 9, GenuineIntel



---------------  S Y S T E M  ---------------

OS: Windows 10.0 , 64 bit Build 17134 (10.0.17134.1)

CPU:total 8 (initial active 8) (4 cores per cpu, 2 threads per core) family 6 model 158 stepping 9, cmov, cx8, fxsr, mmx, sse, sse2, sse3, ssse3, sse4.1, sse4.2, popcnt, avx, avx2, aes, clmul, erms, 3dnowpref, lzcnt, ht, tsc, tscinvbit, bmi1, bmi2, adx

Memory: 4k page, physical 8270668k(2005528k free), swap 8270668k(5856k free)

vm_info: Java HotSpot(TM) 64-Bit Server VM (25.161-b12) for windows-amd64 JRE (1.8.0_161-b12), built on Dec 19 2017 17:52:25 by "java_re" with MS VC++ 10.0 (VS2010)

time: Wed Jun 06 19:49:00 2018
elapsed time: 0 seconds (0d 0h 0m 0s)

