#
# A fatal error has been detected by the Java Runtime Environment:
#
#  EXCEPTION_ACCESS_VIOLATION (0xc0000005) at pc=0x00007ff9e57ec16a, pid=5304, tid=0x0000000000002a18
#
# JRE version: Java(TM) SE Runtime Environment (8.0_161-b12) (build 1.8.0_161-b12)
# Java VM: Java HotSpot(TM) 64-Bit Server VM (25.161-b12 mixed mode windows-amd64 compressed oops)
# Problematic frame:
# C  [bulletjme.dll+0x2c16a]
#
# Failed to write core dump. Minidumps are not enabled by default on client versions of Windows
#
# If you would like to submit a bug report, please visit:
#   http://bugreport.java.com/bugreport/crash.jsp
# The crash happened outside the Java Virtual Machine in native code.
# See problematic frame for where to report the bug.
#

---------------  T H R E A D  ---------------

Current thread (0x0000000019420800):  JavaThread "Finalizer" daemon [_thread_in_native, id=10776, stack(0x0000000019800000,0x0000000019900000)]

siginfo: ExceptionCode=0xc0000005, reading address 0x0000000021a3a048

Registers:
RAX=0x0000000021a39f30, RBX=0x0000000022e72270, RCX=0x0000000021a39f30, RDX=0x000000001b659a90
RSP=0x00000000198feb38, RBP=0x00000000198fef80, RSI=0x0000000000000138, RDI=0x0000000000002e51
R8 =0x000000001b659c10, R9 =0x0000000021852300, R10=0x0000000021b159f0, R11=0x0000000000000000
R12=0x0000000000000000, R13=0x0000000022e72270, R14=0x00000000198fefb0, R15=0x0000000019420800
RIP=0x00007ff9e57ec16a, EFLAGS=0x0000000000010202

Top of Stack: (sp=0x00000000198feb38)
0x00000000198feb38:   00007ff9e59137f3 0000000021a39f30
0x00000000198feb48:   0000002e7269dba3 00000000005a6ae0
0x00000000198feb58:   00007ff9e57e7838 0000000000000001
0x00000000198feb68:   00007ff9e591370b 0000000021a39f30
0x00000000198feb78:   00007ff9e5889a26 00000000005a1788
0x00000000198feb88:   0000000000000000 0000000000000000
0x00000000198feb98:   000000000000000b 0000000021985e90
0x00000000198feba8:   0000000021a39f30 0000000021b17150
0x00000000198febb8:   00007ff9e58880af 0000000021807b90
0x00000000198febc8:   000000001b659a90 000000001b659c10
0x00000000198febd8:   0000000021852300 ffffffff00000000
0x00000000198febe8:   0000000800000000 0000000f0000000f
0x00000000198febf8:   000000000053c340 0000000b0000000b
0x00000000198fec08:   6b5216af6b5216af bd9e726900000001
0x00000000198fec18:   0000000000000000 000000000053c460
0x00000000198fec28:   00007ff9e592a5da 0000000021851c24 

Instructions: (pc=0x00007ff9e57ec16a)
0x00007ff9e57ec14a:   8b 44 24 30 48 83 c0 10 48 8b c8 e8 56 21 00 00
0x00007ff9e57ec15a:   48 83 c4 28 c3 cc 48 89 4c 24 08 48 8b 44 24 08
0x00007ff9e57ec16a:   8b 80 18 01 00 00 c3 cc cc cc cc cc cc cc cc cc
0x00007ff9e57ec17a:   cc cc cc cc cc cc 48 89 4c 24 08 48 8b 44 24 08 


Register to memory mapping:

RAX=0x0000000021a39f30 is an unknown value
RBX={method} {0x0000000022e72278} 'finalizeNative' '(J)V' in 'com/jme3/bullet/PhysicsSpace'
RCX=0x0000000021a39f30 is an unknown value
RDX=0x000000001b659a90 is an unknown value
RSP=0x00000000198feb38 is pointing into the stack for thread: 0x0000000019420800
RBP=0x00000000198fef80 is pointing into the stack for thread: 0x0000000019420800
RSI=0x0000000000000138 is an unknown value
RDI=0x0000000000002e51 is an unknown value
R8 =0x000000001b659c10 is an unknown value
R9 =0x0000000021852300 is an unknown value
R10=0x0000000021b159f0 is an unknown value
R11=0x0000000000000000 is an unknown value
R12=0x0000000000000000 is an unknown value
R13={method} {0x0000000022e72278} 'finalizeNative' '(J)V' in 'com/jme3/bullet/PhysicsSpace'
R14=0x00000000198fefb0 is pointing into the stack for thread: 0x0000000019420800
R15=0x0000000019420800 is a thread


Stack: [0x0000000019800000,0x0000000019900000],  sp=0x00000000198feb38,  free space=1018k
Native frames: (J=compiled Java code, j=interpreted, Vv=VM code, C=native code)
C  [bulletjme.dll+0x2c16a]

Java frames: (J=compiled Java code, j=interpreted, Vv=VM code)
j  com.jme3.bullet.PhysicsSpace.finalizeNative(J)V+0
j  com.jme3.bullet.PhysicsSpace.finalize()V+34
J 1353 C1 java.lang.ref.Finalizer.runFinalizer(Lsun/misc/JavaLangAccess;)V (62 bytes) @ 0x00000000029e0c0c [0x00000000029e0680+0x58c]
J 1351 C1 java.lang.ref.Finalizer.access$100(Ljava/lang/ref/Finalizer;Lsun/misc/JavaLangAccess;)V (6 bytes) @ 0x00000000029df49c [0x00000000029df440+0x5c]
j  java.lang.ref.Finalizer$FinalizerThread.run()V+45
v  ~StubRoutines::call_stub

---------------  P R O C E S S  ---------------

Java Threads: ( => current thread )
  0x000000001a6cd000 JavaThread "AWT-Shutdown" [_thread_blocked, id=2136, stack(0x0000000026990000,0x0000000026a90000)]
  0x000000001a6d0000 JavaThread "Thread-1" daemon [_thread_in_native, id=5688, stack(0x0000000026890000,0x0000000026990000)]
  0x0000000002462800 JavaThread "DestroyJavaVM" [_thread_blocked, id=5228, stack(0x0000000002340000,0x0000000002440000)]
  0x000000001a642000 JavaThread "TimerQueue" daemon [_thread_blocked, id=6032, stack(0x000000001c210000,0x000000001c310000)]
  0x000000001a40e800 JavaThread "Java2D Disposer" daemon [_thread_blocked, id=1184, stack(0x000000001ab90000,0x000000001ac90000)]
  0x00000000194c0800 JavaThread "Service Thread" daemon [_thread_blocked, id=2132, stack(0x000000001a030000,0x000000001a130000)]
  0x0000000019436800 JavaThread "C1 CompilerThread3" daemon [_thread_blocked, id=12996, stack(0x0000000019f30000,0x000000001a030000)]
  0x0000000019430800 JavaThread "C2 CompilerThread2" daemon [_thread_blocked, id=7780, stack(0x0000000019e30000,0x0000000019f30000)]
  0x000000001942f800 JavaThread "C2 CompilerThread1" daemon [_thread_blocked, id=3444, stack(0x0000000019d30000,0x0000000019e30000)]
  0x000000001942a000 JavaThread "C2 CompilerThread0" daemon [_thread_blocked, id=9584, stack(0x0000000019c30000,0x0000000019d30000)]
  0x0000000019429000 JavaThread "Attach Listener" daemon [_thread_blocked, id=4236, stack(0x0000000019b30000,0x0000000019c30000)]
  0x0000000019428000 JavaThread "Signal Dispatcher" daemon [_thread_blocked, id=1804, stack(0x0000000019a30000,0x0000000019b30000)]
=>0x0000000019420800 JavaThread "Finalizer" daemon [_thread_in_native, id=10776, stack(0x0000000019800000,0x0000000019900000)]
  0x0000000002558000 JavaThread "Reference Handler" daemon [_thread_blocked, id=976, stack(0x0000000019300000,0x0000000019400000)]

Other Threads:
  0x0000000017519800 VMThread [stack: 0x0000000019200000,0x0000000019300000] [id=612]
  0x00000000194f2800 WatcherThread [stack: 0x000000001a130000,0x000000001a230000] [id=6848]

VM state:not at safepoint (normal execution)

VM Mutex/Monitor currently owned by a thread: None

Heap:
 PSYoungGen      total 71680K, used 8057K [0x00000000d5f00000, 0x00000000e0600000, 0x0000000100000000)
  eden space 66560K, 4% used [0x00000000d5f00000,0x00000000d61e0190,0x00000000da000000)
  from space 5120K, 99% used [0x00000000da000000,0x00000000da4fe4c0,0x00000000da500000)
  to   space 18944K, 0% used [0x00000000df380000,0x00000000df380000,0x00000000e0600000)
 ParOldGen       total 87552K, used 35874K [0x0000000081c00000, 0x0000000087180000, 0x00000000d5f00000)
  object space 87552K, 40% used [0x0000000081c00000,0x0000000083f08bc8,0x0000000087180000)
 Metaspace       used 19804K, capacity 20069K, committed 20224K, reserved 1067008K
  class space    used 2215K, capacity 2304K, committed 2304K, reserved 1048576K

Card table byte_map: [0x0000000011930000,0x0000000011d30000] byte_map_base: 0x0000000011522000

Marking Bits: (ParMarkBitMap*) 0x000000006e29f860
 Begin Bits: [0x00000000127e0000, 0x0000000014770000)
 End Bits:   [0x0000000014770000, 0x0000000016700000)

Polling page: 0x00000000022e0000

CodeCache: size=245760Kb used=8710Kb max_used=8710Kb free=237049Kb
 bounds [0x0000000002570000, 0x0000000002e00000, 0x0000000011570000]
 total_blobs=3301 nmethods=2651 adapters=562
 compilation: enabled

Compilation events (10 events):
Event: 14.148 Thread 0x0000000019436800 2647       3       java.util.logging.LogManager$LoggerContext::ensureInitialized (24 bytes)
Event: 14.150 Thread 0x0000000019436800 nmethod 2647 0x0000000002dc2c90 code [0x0000000002dc2e40, 0x0000000002dc3668]
Event: 14.150 Thread 0x0000000019436800 2649       3       java.util.Hashtable$Enumerator::hasMoreElements (53 bytes)
Event: 14.151 Thread 0x0000000019436800 nmethod 2649 0x0000000002dc2710 code [0x0000000002dc2880, 0x0000000002dc2b50]
Event: 14.151 Thread 0x0000000019436800 2648  s    3       java.util.logging.LogManager$LoggerContext::findLogger (40 bytes)
Event: 14.152 Thread 0x0000000019436800 nmethod 2648 0x0000000002ddc810 code [0x0000000002ddca20, 0x0000000002ddd8e8]
Event: 14.152 Thread 0x0000000019436800 2650       3       java.util.logging.Logger::updateEffectiveLevel (115 bytes)
Event: 14.153 Thread 0x0000000019436800 nmethod 2650 0x0000000002de5b10 code [0x0000000002de5d00, 0x0000000002de6748]
Event: 14.153 Thread 0x0000000019436800 2651       3       java.util.Hashtable$Enumerator::nextElement (111 bytes)
Event: 14.153 Thread 0x0000000019436800 nmethod 2651 0x0000000002de5310 code [0x0000000002de54a0, 0x0000000002de5908]

GC Heap History (10 events):
Event: 2.352 GC heap before
{Heap before GC invocations=1 (full 0):
 PSYoungGen      total 38400K, used 31039K [0x00000000d5f00000, 0x00000000d8980000, 0x0000000100000000)
  eden space 33280K, 93% used [0x00000000d5f00000,0x00000000d7d4fef8,0x00000000d7f80000)
  from space 5120K, 0% used [0x00000000d8480000,0x00000000d8480000,0x00000000d8980000)
  to   space 5120K, 0% used [0x00000000d7f80000,0x00000000d7f80000,0x00000000d8480000)
 ParOldGen       total 87552K, used 0K [0x0000000081c00000, 0x0000000087180000, 0x00000000d5f00000)
  object space 87552K, 0% used [0x0000000081c00000,0x0000000081c00000,0x0000000087180000)
 Metaspace       used 18204K, capacity 18465K, committed 18688K, reserved 1064960K
  class space    used 2124K, capacity 2202K, committed 2304K, reserved 1048576K
Event: 2.359 GC heap after
Heap after GC invocations=1 (full 0):
 PSYoungGen      total 38400K, used 5105K [0x00000000d5f00000, 0x00000000d8980000, 0x0000000100000000)
  eden space 33280K, 0% used [0x00000000d5f00000,0x00000000d5f00000,0x00000000d7f80000)
  from space 5120K, 99% used [0x00000000d7f80000,0x00000000d847c660,0x00000000d8480000)
  to   space 5120K, 0% used [0x00000000d8480000,0x00000000d8480000,0x00000000d8980000)
 ParOldGen       total 87552K, used 7024K [0x0000000081c00000, 0x0000000087180000, 0x00000000d5f00000)
  object space 87552K, 8% used [0x0000000081c00000,0x00000000822dc308,0x0000000087180000)
 Metaspace       used 18204K, capacity 18465K, committed 18688K, reserved 1064960K
  class space    used 2124K, capacity 2202K, committed 2304K, reserved 1048576K
}
Event: 2.547 GC heap before
{Heap before GC invocations=2 (full 0):
 PSYoungGen      total 38400K, used 38385K [0x00000000d5f00000, 0x00000000d8980000, 0x0000000100000000)
  eden space 33280K, 100% used [0x00000000d5f00000,0x00000000d7f80000,0x00000000d7f80000)
  from space 5120K, 99% used [0x00000000d7f80000,0x00000000d847c660,0x00000000d8480000)
  to   space 5120K, 0% used [0x00000000d8480000,0x00000000d8480000,0x00000000d8980000)
 ParOldGen       total 87552K, used 7024K [0x0000000081c00000, 0x0000000087180000, 0x00000000d5f00000)
  object space 87552K, 8% used [0x0000000081c00000,0x00000000822dc308,0x0000000087180000)
 Metaspace       used 18275K, capacity 18529K, committed 18944K, reserved 1067008K
  class space    used 2127K, capacity 2202K, committed 2304K, reserved 1048576K
Event: 2.553 GC heap after
Heap after GC invocations=2 (full 0):
 PSYoungGen      total 38400K, used 5105K [0x00000000d5f00000, 0x00000000daa00000, 0x0000000100000000)
  eden space 33280K, 0% used [0x00000000d5f00000,0x00000000d5f00000,0x00000000d7f80000)
  from space 5120K, 99% used [0x00000000d8480000,0x00000000d897c660,0x00000000d8980000)
  to   space 5120K, 0% used [0x00000000d7f80000,0x00000000d7f80000,0x00000000d8480000)
 ParOldGen       total 87552K, used 16368K [0x0000000081c00000, 0x0000000087180000, 0x00000000d5f00000)
  object space 87552K, 18% used [0x0000000081c00000,0x0000000082bfc338,0x0000000087180000)
 Metaspace       used 18275K, capacity 18529K, committed 18944K, reserved 1067008K
  class space    used 2127K, capacity 2202K, committed 2304K, reserved 1048576K
}
Event: 2.768 GC heap before
{Heap before GC invocations=3 (full 0):
 PSYoungGen      total 38400K, used 38385K [0x00000000d5f00000, 0x00000000daa00000, 0x0000000100000000)
  eden space 33280K, 100% used [0x00000000d5f00000,0x00000000d7f80000,0x00000000d7f80000)
  from space 5120K, 99% used [0x00000000d8480000,0x00000000d897c660,0x00000000d8980000)
  to   space 5120K, 0% used [0x00000000d7f80000,0x00000000d7f80000,0x00000000d8480000)
 ParOldGen       total 87552K, used 16368K [0x0000000081c00000, 0x0000000087180000, 0x00000000d5f00000)
  object space 87552K, 18% used [0x0000000081c00000,0x0000000082bfc338,0x0000000087180000)
 Metaspace       used 18276K, capacity 18529K, committed 18944K, reserved 1067008K
  class space    used 2127K, capacity 2202K, committed 2304K, reserved 1048576K
Event: 2.772 GC heap after
Heap after GC invocations=3 (full 0):
 PSYoungGen      total 38400K, used 5079K [0x00000000d5f00000, 0x00000000daa00000, 0x0000000100000000)
  eden space 33280K, 0% used [0x00000000d5f00000,0x00000000d5f00000,0x00000000d7f80000)
  from space 5120K, 99% used [0x00000000d7f80000,0x00000000d8475e98,0x00000000d8480000)
  to   space 5120K, 0% used [0x00000000da500000,0x00000000da500000,0x00000000daa00000)
 ParOldGen       total 87552K, used 25592K [0x0000000081c00000, 0x0000000087180000, 0x00000000d5f00000)
  object space 87552K, 29% used [0x0000000081c00000,0x00000000834fe368,0x0000000087180000)
 Metaspace       used 18276K, capacity 18529K, committed 18944K, reserved 1067008K
  class space    used 2127K, capacity 2202K, committed 2304K, reserved 1048576K
}
Event: 2.992 GC heap before
{Heap before GC invocations=4 (full 0):
 PSYoungGen      total 38400K, used 38359K [0x00000000d5f00000, 0x00000000daa00000, 0x0000000100000000)
  eden space 33280K, 100% used [0x00000000d5f00000,0x00000000d7f80000,0x00000000d7f80000)
  from space 5120K, 99% used [0x00000000d7f80000,0x00000000d8475e98,0x00000000d8480000)
  to   space 5120K, 0% used [0x00000000da500000,0x00000000da500000,0x00000000daa00000)
 ParOldGen       total 87552K, used 25592K [0x0000000081c00000, 0x0000000087180000, 0x00000000d5f00000)
  object space 87552K, 29% used [0x0000000081c00000,0x00000000834fe368,0x0000000087180000)
 Metaspace       used 18276K, capacity 18529K, committed 18944K, reserved 1067008K
  class space    used 2127K, capacity 2202K, committed 2304K, reserved 1048576K
Event: 2.996 GC heap after
Heap after GC invocations=4 (full 0):
 PSYoungGen      total 71680K, used 5089K [0x00000000d5f00000, 0x00000000daa00000, 0x0000000100000000)
  eden space 66560K, 0% used [0x00000000d5f00000,0x00000000d5f00000,0x00000000da000000)
  from space 5120K, 99% used [0x00000000da500000,0x00000000da9f8670,0x00000000daa00000)
  to   space 5120K, 0% used [0x00000000da000000,0x00000000da000000,0x00000000da500000)
 ParOldGen       total 87552K, used 34870K [0x0000000081c00000, 0x0000000087180000, 0x00000000d5f00000)
  object space 87552K, 39% used [0x0000000081c00000,0x0000000083e0dbc0,0x0000000087180000)
 Metaspace       used 18276K, capacity 18529K, committed 18944K, reserved 1067008K
  class space    used 2127K, capacity 2202K, committed 2304K, reserved 1048576K
}
Event: 14.139 GC heap before
{Heap before GC invocations=5 (full 0):
 PSYoungGen      total 71680K, used 71649K [0x00000000d5f00000, 0x00000000daa00000, 0x0000000100000000)
  eden space 66560K, 100% used [0x00000000d5f00000,0x00000000da000000,0x00000000da000000)
  from space 5120K, 99% used [0x00000000da500000,0x00000000da9f8670,0x00000000daa00000)
  to   space 5120K, 0% used [0x00000000da000000,0x00000000da000000,0x00000000da500000)
 ParOldGen       total 87552K, used 34870K [0x0000000081c00000, 0x0000000087180000, 0x00000000d5f00000)
  object space 87552K, 39% used [0x0000000081c00000,0x0000000083e0dbc0,0x0000000087180000)
 Metaspace       used 19800K, capacity 20069K, committed 20224K, reserved 1067008K
  class space    used 2215K, capacity 2304K, committed 2304K, reserved 1048576K
Event: 14.146 GC heap after
Heap after GC invocations=5 (full 0):
 PSYoungGen      total 71680K, used 5113K [0x00000000d5f00000, 0x00000000e0600000, 0x0000000100000000)
  eden space 66560K, 0% used [0x00000000d5f00000,0x00000000d5f00000,0x00000000da000000)
  from space 5120K, 99% used [0x00000000da000000,0x00000000da4fe4c0,0x00000000da500000)
  to   space 18944K, 0% used [0x00000000df380000,0x00000000df380000,0x00000000e0600000)
 ParOldGen       total 87552K, used 35874K [0x0000000081c00000, 0x0000000087180000, 0x00000000d5f00000)
  object space 87552K, 40% used [0x0000000081c00000,0x0000000083f08bc8,0x0000000087180000)
 Metaspace       used 19800K, capacity 20069K, committed 20224K, reserved 1067008K
  class space    used 2215K, capacity 2304K, committed 2304K, reserved 1048576K
}

Deoptimization events (10 events):
Event: 6.615 Thread 0x0000000021f9b800 Uncommon trap: reason=unstable_if action=reinterpret pc=0x0000000002ad71fc method=weka.classifiers.functions.MultilayerPerceptron$NeuralEnd.reset()V @ 7
Event: 14.099 Thread 0x000000001a738000 Uncommon trap: reason=unstable_if action=reinterpret pc=0x0000000002d9dc78 method=org.lwjgl.opengl.WindowsKeyboard.flushRetained()V @ 4
Event: 14.099 Thread 0x000000001a738000 Uncommon trap: reason=unstable_if action=reinterpret pc=0x0000000002def994 method=org.lwjgl.input.Keyboard.readNext(Lorg/lwjgl/input/Keyboard$KeyEvent;)Z @ 6
Event: 14.099 Thread 0x000000001a738000 Uncommon trap: reason=unstable_if action=reinterpret pc=0x0000000002ddbb0c method=com.jme3.input.InputManager.processQueue()V @ 257
Event: 14.099 Thread 0x000000001a738000 Uncommon trap: reason=unstable_if action=reinterpret pc=0x0000000002da8640 method=com.jme3.util.IntMap.containsKey(I)Z @ 15
Event: 14.100 Thread 0x000000001a738000 Uncommon trap: reason=unstable_if action=reinterpret pc=0x0000000002d9c09c method=java.util.ArrayList.clear()V @ 17
Event: 14.126 Thread 0x000000001a738000 Uncommon trap: reason=class_check action=maybe_recompile pc=0x0000000002c46928 method=com.jme3.scene.Node.setTransformRefresh()V @ 45
Event: 14.126 Thread 0x000000001a738000 Uncommon trap: reason=class_check action=maybe_recompile pc=0x0000000002c46928 method=com.jme3.scene.Node.setTransformRefresh()V @ 45
Event: 14.126 Thread 0x000000001a738000 Uncommon trap: reason=class_check action=maybe_recompile pc=0x0000000002c46928 method=com.jme3.scene.Node.setTransformRefresh()V @ 45
Event: 14.138 Thread 0x000000001a738000 Uncommon trap: reason=unstable_if action=reinterpret pc=0x0000000002cede84 method=java.util.HashMap$HashIterator.<init>(Ljava/util/HashMap;)V @ 45

Classes redefined (0 events):
No events

Internal exceptions (10 events):
Event: 2.204 Thread 0x000000001a738000 Exception <a 'org/lwjgl/LWJGLException'> (0x00000000d77238c8) thrown at [C:\re\workspace\8-2-build-windows-amd64-cygwin\jdk8u161\10277\hotspot\src\share\vm\prims\jni.cpp, line 709]
Event: 2.204 Thread 0x000000001a738000 Exception <a 'org/lwjgl/LWJGLException'> (0x00000000d7723f08) thrown at [C:\re\workspace\8-2-build-windows-amd64-cygwin\jdk8u161\10277\hotspot\src\share\vm\prims\jni.cpp, line 709]
Event: 2.205 Thread 0x000000001a738000 Exception <a 'org/lwjgl/LWJGLException'> (0x00000000d7724538) thrown at [C:\re\workspace\8-2-build-windows-amd64-cygwin\jdk8u161\10277\hotspot\src\share\vm\prims\jni.cpp, line 709]
Event: 2.205 Thread 0x000000001a738000 Exception <a 'org/lwjgl/LWJGLException'> (0x00000000d7724b58) thrown at [C:\re\workspace\8-2-build-windows-amd64-cygwin\jdk8u161\10277\hotspot\src\share\vm\prims\jni.cpp, line 709]
Event: 2.600 Thread 0x000000001a738000 Implicit null exception at 0x0000000002a15678 to 0x0000000002a162b8
Event: 2.600 Thread 0x000000001a738000 Implicit null exception at 0x0000000002a0c0d7 to 0x0000000002a0c4b9
Event: 2.600 Thread 0x000000001a738000 Implicit null exception at 0x00000000029fe7c5 to 0x00000000029fe9ed
Event: 2.619 Thread 0x000000001a738000 Implicit null exception at 0x0000000002a14a74 to 0x0000000002a14c6d
Event: 4.889 Thread 0x000000001a738000 Implicit null exception at 0x00000000029fd4cc to 0x00000000029fd51d
Event: 14.126 Thread 0x000000001a815000 Exception <a 'java/lang/InterruptedException': sleep interrupted> (0x00000000d9eb0400) thrown at [C:\re\workspace\8-2-build-windows-amd64-cygwin\jdk8u161\10277\hotspot\src\share\vm\prims\jvm.cpp, line 3228]

Events (10 events):
Event: 14.151 Executing VM operation: RevokeBias done
Event: 14.151 Executing VM operation: RevokeBias
Event: 14.151 Executing VM operation: RevokeBias done
Event: 14.151 Executing VM operation: RevokeBias
Event: 14.151 Executing VM operation: RevokeBias done
Event: 14.151 Executing VM operation: RevokeBias
Event: 14.151 Executing VM operation: RevokeBias done
Event: 14.151 Executing VM operation: RevokeBias
Event: 14.151 Executing VM operation: RevokeBias done
Event: 14.152 Thread 0x000000001a3f2000 Thread exited: 0x000000001a3f2000


Dynamic libraries:
0x00007ff600980000 - 0x00007ff6009b7000 	C:\Program Files\jmonkeyplatform\jdk\bin\java.exe
0x00007ffa16360000 - 0x00007ffa16541000 	C:\WINDOWS\SYSTEM32\ntdll.dll
0x00007ffa15140000 - 0x00007ffa151f2000 	C:\WINDOWS\System32\KERNEL32.DLL
0x00007ffa12ce0000 - 0x00007ffa12f53000 	C:\WINDOWS\System32\KERNELBASE.dll
0x00007ffa15400000 - 0x00007ffa154a1000 	C:\WINDOWS\System32\ADVAPI32.dll
0x00007ffa137f0000 - 0x00007ffa1388e000 	C:\WINDOWS\System32\msvcrt.dll
0x00007ffa15a10000 - 0x00007ffa15a6b000 	C:\WINDOWS\System32\sechost.dll
0x00007ffa14da0000 - 0x00007ffa14ec4000 	C:\WINDOWS\System32\RPCRT4.dll
0x00007ffa15540000 - 0x00007ffa156d0000 	C:\WINDOWS\System32\USER32.dll
0x00007ffa12c10000 - 0x00007ffa12c30000 	C:\WINDOWS\System32\win32u.dll
0x00007ffa159e0000 - 0x00007ffa15a08000 	C:\WINDOWS\System32\GDI32.dll
0x00007ffa12730000 - 0x00007ffa128c2000 	C:\WINDOWS\System32\gdi32full.dll
0x00007ffa136d0000 - 0x00007ffa1376f000 	C:\WINDOWS\System32\msvcp_win.dll
0x00007ffa12b10000 - 0x00007ffa12c0a000 	C:\WINDOWS\System32\ucrtbase.dll
0x00007ffa0a850000 - 0x00007ffa0aab9000 	C:\WINDOWS\WinSxS\amd64_microsoft.windows.common-controls_6595b64144ccf1df_6.0.17134.48_none_b4b2216a3cb4dd3e\COMCTL32.dll
0x00007ffa15ff0000 - 0x00007ffa16313000 	C:\WINDOWS\System32\combase.dll
0x00007ffa13770000 - 0x00007ffa137ea000 	C:\WINDOWS\System32\bcryptPrimitives.dll
0x00007ffa15200000 - 0x00007ffa1522d000 	C:\WINDOWS\System32\IMM32.DLL
0x000000006d470000 - 0x000000006d542000 	C:\Program Files\jmonkeyplatform\jdk\jre\bin\msvcr100.dll
0x000000006da80000 - 0x000000006e31f000 	C:\Program Files\jmonkeyplatform\jdk\jre\bin\server\jvm.dll
0x00007ffa16320000 - 0x00007ffa16328000 	C:\WINDOWS\System32\PSAPI.DLL
0x00007ffa0dc60000 - 0x00007ffa0dc6a000 	C:\WINDOWS\SYSTEM32\VERSION.dll
0x00007ffa0ebe0000 - 0x00007ffa0ec03000 	C:\WINDOWS\SYSTEM32\WINMM.dll
0x00007ffa02230000 - 0x00007ffa02239000 	C:\WINDOWS\SYSTEM32\WSOCK32.dll
0x00007ffa150d0000 - 0x00007ffa1513c000 	C:\WINDOWS\System32\WS2_32.dll
0x00007ffa0ebb0000 - 0x00007ffa0ebda000 	C:\WINDOWS\SYSTEM32\winmmbase.dll
0x00007ffa12ac0000 - 0x00007ffa12b09000 	C:\WINDOWS\System32\cfgmgr32.dll
0x000000006d990000 - 0x000000006d99f000 	C:\Program Files\jmonkeyplatform\jdk\jre\bin\verify.dll
0x000000006d960000 - 0x000000006d989000 	C:\Program Files\jmonkeyplatform\jdk\jre\bin\java.dll
0x000000006d940000 - 0x000000006d956000 	C:\Program Files\jmonkeyplatform\jdk\jre\bin\zip.dll
0x00007ffa13890000 - 0x00007ffa14cd0000 	C:\WINDOWS\System32\SHELL32.dll
0x00007ffa15f20000 - 0x00007ffa15fc9000 	C:\WINDOWS\System32\shcore.dll
0x00007ffa12f60000 - 0x00007ffa1366d000 	C:\WINDOWS\System32\windows.storage.dll
0x00007ffa15a70000 - 0x00007ffa15ac1000 	C:\WINDOWS\System32\shlwapi.dll
0x00007ffa12670000 - 0x00007ffa12681000 	C:\WINDOWS\System32\kernel.appcore.dll
0x00007ffa126f0000 - 0x00007ffa1270f000 	C:\WINDOWS\System32\profapi.dll
0x00007ffa12690000 - 0x00007ffa126dc000 	C:\WINDOWS\System32\powrprof.dll
0x00007ffa126e0000 - 0x00007ffa126ea000 	C:\WINDOWS\System32\FLTLIB.DLL
0x000000006d760000 - 0x000000006d8f8000 	C:\Program Files\jmonkeyplatform\jdk\jre\bin\awt.dll
0x00007ffa14cd0000 - 0x00007ffa14d92000 	C:\WINDOWS\System32\OLEAUT32.dll
0x00007ffa109d0000 - 0x00007ffa10a5b000 	C:\WINDOWS\SYSTEM32\apphelp.dll
0x00007ffa10ab0000 - 0x00007ffa10b48000 	C:\WINDOWS\system32\uxtheme.dll
0x00007ffa15860000 - 0x00007ffa159d5000 	C:\WINDOWS\System32\MSCTF.dll
0x00007ffa10de0000 - 0x00007ffa10e09000 	C:\WINDOWS\system32\dwmapi.dll
0x00007ffa15240000 - 0x00007ffa15391000 	C:\WINDOWS\System32\ole32.dll
0x00007ff9f9cc0000 - 0x00007ff9f9de0000 	C:\WINDOWS\system32\opengl32.dll
0x00007ffa07130000 - 0x00007ffa0715c000 	C:\WINDOWS\SYSTEM32\GLU32.dll
0x000000006d6d0000 - 0x000000006d717000 	C:\Program Files\jmonkeyplatform\jdk\jre\bin\fontmanager.dll
0x000000006d920000 - 0x000000006d93a000 	C:\Program Files\jmonkeyplatform\jdk\jre\bin\net.dll
0x00007ffa11ef0000 - 0x00007ffa11f56000 	C:\WINDOWS\system32\mswsock.dll
0x000000006d900000 - 0x000000006d911000 	C:\Program Files\jmonkeyplatform\jdk\jre\bin\nio.dll
0x000000006d680000 - 0x000000006d6c2000 	C:\Program Files\jmonkeyplatform\jdk\jre\bin\t2k.dll
0x00007ff9fd180000 - 0x00007ff9fd218000 	C:\WINDOWS\System32\TextInputFramework.dll
0x00007ffa0d030000 - 0x00007ffa0d34e000 	C:\WINDOWS\System32\CoreUIComponents.dll
0x00007ffa107d0000 - 0x00007ffa108aa000 	C:\WINDOWS\System32\CoreMessaging.dll
0x00007ffa11760000 - 0x00007ffa11791000 	C:\WINDOWS\SYSTEM32\ntmarta.dll
0x00007ffa0ecd0000 - 0x00007ffa0ee1d000 	C:\WINDOWS\SYSTEM32\wintypes.dll
0x00007ff9e57c0000 - 0x00007ff9e59d8000 	C:\Users\josag\OneDrive\Documentos\Programación Videojuegos\TrabajoGrupal\TrabajoGrupal\bulletjme.dll
0x0000000180000000 - 0x0000000180064000 	C:\Users\josag\OneDrive\Documentos\Programación Videojuegos\TrabajoGrupal\TrabajoGrupal\OpenAL64.dll
0x000000001b350000 - 0x000000001b3a3000 	C:\Users\josag\OneDrive\Documentos\Programación Videojuegos\TrabajoGrupal\TrabajoGrupal\lwjgl64.dll
0x00007ff9db690000 - 0x00007ff9dc3e9000 	C:\WINDOWS\System32\DriverStore\FileRepository\igdlh64.inf_amd64_e328441500a1789d\ig9icd64.dll
0x00007ffa0e8f0000 - 0x00007ffa0e903000 	C:\WINDOWS\SYSTEM32\WTSAPI32.dll
0x00007ffa0cc30000 - 0x00007ffa0ccd8000 	C:\WINDOWS\SYSTEM32\mscms.dll
0x00007ffa0f5d0000 - 0x00007ffa0f5e0000 	C:\WINDOWS\SYSTEM32\ColorAdapterClient.dll
0x00007ffa12570000 - 0x00007ffa12598000 	C:\WINDOWS\SYSTEM32\USERENV.dll
0x00007ff9fd860000 - 0x00007ff9fd8a3000 	C:\WINDOWS\SYSTEM32\icm32.dll
0x00007ffa078a0000 - 0x00007ffa089ff000 	C:\WINDOWS\System32\DriverStore\FileRepository\igdlh64.inf_amd64_e328441500a1789d\igc64.dll
0x00007ffa11430000 - 0x00007ffa114eb000 	C:\WINDOWS\SYSTEM32\dxgi.dll
0x00007ffa0fa10000 - 0x00007ffa0fd1b000 	C:\WINDOWS\SYSTEM32\d3d11.dll
0x00007ffa121d0000 - 0x00007ffa121f5000 	C:\WINDOWS\SYSTEM32\bcrypt.dll
0x00007ffa156d0000 - 0x00007ffa15770000 	C:\WINDOWS\System32\clbcatq.dll
0x00007ffa0bc30000 - 0x00007ffa0bca6000 	C:\WINDOWS\System32\MMDevApi.dll
0x00007ffa12480000 - 0x00007ffa124a7000 	C:\WINDOWS\System32\DEVOBJ.dll
0x00007ffa0e710000 - 0x00007ffa0e8c4000 	C:\WINDOWS\System32\PROPSYS.dll
0x00007ff9e2cd0000 - 0x00007ff9e2d5f000 	C:\WINDOWS\SYSTEM32\dsound.dll
0x00007ff9f92e0000 - 0x00007ff9f940c000 	C:\WINDOWS\SYSTEM32\AUDIOSES.DLL
0x00007ffa0dfc0000 - 0x00007ffa0dfca000 	C:\WINDOWS\SYSTEM32\AVRT.dll
0x000000006d430000 - 0x000000006d461000 	C:\Program Files\jmonkeyplatform\jdk\jre\bin\jpeg.dll
0x000000006d3f0000 - 0x000000006d42e000 	C:\Program Files\jmonkeyplatform\jdk\jre\bin\lcms.dll
0x00007ffa01d00000 - 0x00007ffa01ec9000 	C:\WINDOWS\SYSTEM32\dbghelp.dll

VM Arguments:
jvm_args: -Dfile.encoding=UTF-8 
java_command: mygame.Main
java_class_path (initial): C:\Program Files\jmonkeyplatform\jmonkeyplatform\libs\jme3-jogg-3.2.1-stable.jar;C:\Program Files\jmonkeyplatform\jmonkeyplatform\libs\j-ogg-all-1.0.0.jar;C:\Program Files\jmonkeyplatform\jmonkeyplatform\libs\jme3-networking-3.2.1-stable.jar;C:\Program Files\jmonkeyplatform\jmonkeyplatform\libs\jme3-plugins-3.2.1-stable.jar;C:\Program Files\jmonkeyplatform\jmonkeyplatform\libs\gson-2.8.1.jar;C:\Program Files\jmonkeyplatform\jmonkeyplatform\libs\jme3-core-3.2.1-stable.jar;C:\Program Files\jmonkeyplatform\jmonkeyplatform\libs\jme3-desktop-3.2.1-stable.jar;C:\Program Files\jmonkeyplatform\jmonkeyplatform\libs\jme3-lwjgl-3.2.1-stable.jar;C:\Program Files\jmonkeyplatform\jmonkeyplatform\libs\lwjgl-2.9.3.jar;C:\Program Files\jmonkeyplatform\jmonkeyplatform\libs\jinput-2.0.5.jar;C:\Program Files\jmonkeyplatform\jmonkeyplatform\libs\jinput-platform-2.0.5-natives-linux.jar;C:\Program Files\jmonkeyplatform\jmonkeyplatform\libs\jinput-platform-2.0.5-natives-windows.jar;C:\Program Files\jmonkeyplatform\jmonkeyplatform\libs\jinput-platform-2.0.5-natives-osx.jar;C:\Program Files\jmonkeyplatform\jmonkeyplatform\libs\jutils-1.0.0.jar;C:\Program Files\jmonkeyplatform\jmonkeyplatform\libs\lwjgl-platform-2.9.3-natives-windows.jar;C:\Program Files\jmonkeyplatform\jmonkeyplatform\libs\lwjgl-platform-2.9.3-natives-linux.jar;C:\Program Files\jmonkeyplatform\jmonkeyplatform\libs\lwjgl-platform-2.9.3-natives-osx.jar;C:\Program Files\jmonkeyplatform\jmonkeyplatform\libs\jme3-effects-3.2.1-stable.jar;C:\Program Files\jmonkeyplatform\jmonkeyplatform\libs\jme3-terrain-3.2.1-stable.jar;C:\Program Files\jmonkeyplatform\jmonkeyplatform\libs\jme3-bullet-3.2.1-stable.jar;C:\Program Files\jmonkeyplatform\jmonkeyplatform\libs\jme3-bullet-native-3.2.1-stable.jar;C:\Users\josag\OneDrive\Documentos\Programación Videojuegos\TrabajoGrupal\TrabajoGrupal\Resources\jme3-testdata.jar;C:\Users\josag\OneDrive\Documentos\Programación Videojuegos\TrabajoGrupal\TrabajoGrupal\Resources\w
Launcher Type: SUN_STANDARD

Environment Variables:
PATH=C:\ProgramData\Oracle\Java\javapath;C:\Program Files (x86)\Intel\iCLS Client\;C:\Program Files\Intel\iCLS Client\;C:\Windows\system32;C:\Windows;C:\Windows\System32\Wbem;C:\Windows\System32\WindowsPowerShell\v1.0\;C:\Program Files\Intel\WiFi\bin\;C:\Program Files\Common Files\Intel\WirelessCommon\;C:\Program Files (x86)\NVIDIA Corporation\PhysX\Common;C:\Program Files (x86)\Intel\Intel(R) Management Engine Components\DAL;C:\Program Files\Intel\Intel(R) Management Engine Components\DAL;C:\Program Files (x86)\Intel\Intel(R) Management Engine Components\IPT;C:\Program Files\Intel\Intel(R) Management Engine Components\IPT;C:\WINDOWS\system32;C:\WINDOWS;C:\WINDOWS\System32\Wbem;C:\WINDOWS\System32\WindowsPowerShell\v1.0\;C:\Program Files\MySQL\MySQL Utilities 1.6\;C:\Program Files (x86)\Common Files\Propellerhead Software\ReWire\;C:\Program Files\Common Files\Propellerhead Software\ReWire\;C:\WINDOWS\System32\OpenSSH\;C:\Users\josag\AppData\Local\Microsoft\WindowsApps;
USERNAME=josag
OS=Windows_NT
PROCESSOR_IDENTIFIER=Intel64 Family 6 Model 158 Stepping 9, GenuineIntel



---------------  S Y S T E M  ---------------

OS: Windows 10.0 , 64 bit Build 17134 (10.0.17134.1)

CPU:total 8 (initial active 8) (4 cores per cpu, 2 threads per core) family 6 model 158 stepping 9, cmov, cx8, fxsr, mmx, sse, sse2, sse3, ssse3, sse4.1, sse4.2, popcnt, avx, avx2, aes, clmul, erms, 3dnowpref, lzcnt, ht, tsc, tscinvbit, bmi1, bmi2, adx

Memory: 4k page, physical 8270668k(3802700k free), swap 8270668k(2331320k free)

vm_info: Java HotSpot(TM) 64-Bit Server VM (25.161-b12) for windows-amd64 JRE (1.8.0_161-b12), built on Dec 19 2017 17:52:25 by "java_re" with MS VC++ 10.0 (VS2010)

time: Wed May 30 17:05:17 2018
elapsed time: 14 seconds (0d 0h 0m 14s)

